{"C:\\Users\\fagne\\OneDrive\\Área de Trabalho\\TechBlog-api\\src\\models\\post.model.js": {"path":"C:\\Users\\fagne\\OneDrive\\Área de Trabalho\\TechBlog-api\\src\\models\\post.model.js","statementMap":{"0":{"start":{"line":1,"column":17},"end":{"line":1,"column":36}},"1":{"start":{"line":3,"column":19},"end":{"line":11,"column":4}},"2":{"start":{"line":13,"column":13},"end":{"line":13,"column":47}},"3":{"start":{"line":15,"column":0},"end":{"line":15,"column":22}}},"fnMap":{},"branchMap":{},"s":{"0":1,"1":1,"2":1,"3":1},"f":{},"b":{},"_coverageSchema":"1a1c01bbd47fc00a2c39e90264f33305004495a9","hash":"8f85f0a7f5cc94a22a617233666793acc7f34e79"}
,"C:\\Users\\fagne\\OneDrive\\Área de Trabalho\\TechBlog-api\\src\\services\\post.service.js": {"path":"C:\\Users\\fagne\\OneDrive\\Área de Trabalho\\TechBlog-api\\src\\services\\post.service.js","statementMap":{"0":{"start":{"line":1,"column":13},"end":{"line":1,"column":44}},"1":{"start":{"line":2,"column":17},"end":{"line":2,"column":36}},"2":{"start":{"line":5,"column":4},"end":{"line":13,"column":5}},"3":{"start":{"line":6,"column":25},"end":{"line":6,"column":56}},"4":{"start":{"line":7,"column":21},"end":{"line":7,"column":50}},"5":{"start":{"line":8,"column":8},"end":{"line":8,"column":20}},"6":{"start":{"line":11,"column":8},"end":{"line":11,"column":70}},"7":{"start":{"line":12,"column":8},"end":{"line":12,"column":20}},"8":{"start":{"line":17,"column":4},"end":{"line":24,"column":5}},"9":{"start":{"line":18,"column":22},"end":{"line":18,"column":62}},"10":{"start":{"line":19,"column":8},"end":{"line":19,"column":21}},"11":{"start":{"line":22,"column":8},"end":{"line":22,"column":63}},"12":{"start":{"line":23,"column":8},"end":{"line":23,"column":20}},"13":{"start":{"line":28,"column":4},"end":{"line":35,"column":5}},"14":{"start":{"line":29,"column":21},"end":{"line":29,"column":49}},"15":{"start":{"line":30,"column":8},"end":{"line":30,"column":20}},"16":{"start":{"line":33,"column":8},"end":{"line":33,"column":61}},"17":{"start":{"line":34,"column":8},"end":{"line":34,"column":20}},"18":{"start":{"line":39,"column":4},"end":{"line":54,"column":5}},"19":{"start":{"line":40,"column":25},"end":{"line":40,"column":56}},"20":{"start":{"line":41,"column":21},"end":{"line":48,"column":9}},"21":{"start":{"line":50,"column":8},"end":{"line":50,"column":20}},"22":{"start":{"line":52,"column":8},"end":{"line":52,"column":66}},"23":{"start":{"line":53,"column":8},"end":{"line":53,"column":20}},"24":{"start":{"line":58,"column":21},"end":{"line":58,"column":52}},"25":{"start":{"line":59,"column":4},"end":{"line":66,"column":5}},"26":{"start":{"line":60,"column":21},"end":{"line":60,"column":59}},"27":{"start":{"line":61,"column":8},"end":{"line":61,"column":20}},"28":{"start":{"line":64,"column":8},"end":{"line":64,"column":63}},"29":{"start":{"line":65,"column":8},"end":{"line":65,"column":20}},"30":{"start":{"line":70,"column":4},"end":{"line":83,"column":5}},"31":{"start":{"line":71,"column":22},"end":{"line":71,"column":44}},"32":{"start":{"line":72,"column":22},"end":{"line":77,"column":33}},"33":{"start":{"line":78,"column":8},"end":{"line":78,"column":21}},"34":{"start":{"line":81,"column":8},"end":{"line":81,"column":77}},"35":{"start":{"line":82,"column":8},"end":{"line":82,"column":20}},"36":{"start":{"line":86,"column":0},"end":{"line":93,"column":2}}},"fnMap":{"0":{"name":"getPostId","decl":{"start":{"line":4,"column":15},"end":{"line":4,"column":24}},"loc":{"start":{"line":4,"column":29},"end":{"line":14,"column":1}},"line":4},"1":{"name":"getAllPosts","decl":{"start":{"line":16,"column":15},"end":{"line":16,"column":26}},"loc":{"start":{"line":16,"column":29},"end":{"line":25,"column":1}},"line":16},"2":{"name":"createPost","decl":{"start":{"line":27,"column":15},"end":{"line":27,"column":25}},"loc":{"start":{"line":27,"column":37},"end":{"line":36,"column":1}},"line":27},"3":{"name":"updatePost","decl":{"start":{"line":38,"column":15},"end":{"line":38,"column":25}},"loc":{"start":{"line":38,"column":48},"end":{"line":55,"column":1}},"line":38},"4":{"name":"deletePost","decl":{"start":{"line":57,"column":15},"end":{"line":57,"column":25}},"loc":{"start":{"line":57,"column":30},"end":{"line":67,"column":1}},"line":57},"5":{"name":"searchPosts","decl":{"start":{"line":69,"column":15},"end":{"line":69,"column":26}},"loc":{"start":{"line":69,"column":33},"end":{"line":84,"column":1}},"line":69}},"branchMap":{},"s":{"0":1,"1":1,"2":0,"3":0,"4":0,"5":0,"6":0,"7":0,"8":1,"9":1,"10":1,"11":0,"12":0,"13":2,"14":2,"15":1,"16":1,"17":1,"18":2,"19":2,"20":2,"21":1,"22":1,"23":1,"24":2,"25":2,"26":2,"27":1,"28":1,"29":1,"30":0,"31":0,"32":0,"33":0,"34":0,"35":0,"36":1},"f":{"0":0,"1":1,"2":2,"3":2,"4":2,"5":0},"b":{},"_coverageSchema":"1a1c01bbd47fc00a2c39e90264f33305004495a9","hash":"1d85b5308f5c7f7d6f3f553561a4f445c1b61f7f"}
}
