TN:
SF:src\models\post.model.js
FNF:0
FNH:0
DA:1,1
DA:3,1
DA:13,1
DA:15,1
LF:4
LH:4
BRF:0
BRH:0
end_of_record
TN:
SF:src\services\post.service.js
FN:4,getPostId
FN:16,getAllPosts
FN:27,createPost
FN:38,updatePost
FN:57,deletePost
FN:69,searchPosts
FNF:6
FNH:4
FNDA:0,getPostId
FNDA:1,getAllPosts
FNDA:2,createPost
FNDA:2,updatePost
FNDA:2,deletePost
FNDA:0,searchPosts
DA:1,1
DA:2,1
DA:5,0
DA:6,0
DA:7,0
DA:8,0
DA:11,0
DA:12,0
DA:17,1
DA:18,1
DA:19,1
DA:22,0
DA:23,0
DA:28,2
DA:29,2
DA:30,1
DA:33,1
DA:34,1
DA:39,2
DA:40,2
DA:41,2
DA:50,1
DA:52,1
DA:53,1
DA:58,2
DA:59,2
DA:60,2
DA:61,1
DA:64,1
DA:65,1
DA:70,0
DA:71,0
DA:72,0
DA:78,0
DA:81,0
DA:82,0
DA:86,1
LF:37
LH:23
BRF:0
BRH:0
end_of_record
